<?xml version="1.0" encoding="UTF-8"?>
<!-- Generated by org.testng.reporters.JUnitReportReporter -->
<testsuite skipped="0" hostname="DESKTOP-D85UTRS" name="scripts.TestCase1" tests="1" failures="0" timestamp="11 Dec 2018 12:43:49 GMT" time="78.605" errors="0">
  <testcase name="testSiteOpen" time="78.605" classname="scripts.TestCase1"/>
</testsuite> <!-- scripts.TestCase1 -->
